2025-04-02T22:43:54.502+08:00  INFO 2280 --- [main] c.h.s.Springboot11LogApplication         : Starting Springboot11LogApplication using Java 17.0.9 with PID 2280 (D:\GitHub\JavaStudy\springboot\springboot_11_log\target\classes started by 34255 in D:\GitHub\JavaStudy\springboot)
2025-04-02T22:43:54.503+08:00  INFO 2280 --- [main] c.h.s.Springboot11LogApplication         : No active profile set, falling back to 1 default profile: "default"
2025-04-02T22:43:54.915+08:00  INFO 2280 --- [main] o.s.b.w.embedded.tomcat.TomcatWebServer  : Tomcat initialized with port 8080 (http)
2025-04-02T22:43:54.921+08:00  INFO 2280 --- [main] o.apache.catalina.core.StandardService   : Starting service [Tomcat]
2025-04-02T22:43:54.922+08:00  INFO 2280 --- [main] o.apache.catalina.core.StandardEngine    : Starting Servlet engine: [Apache Tomcat/10.1.39]
2025-04-02T22:43:54.941+08:00  INFO 2280 --- [main] o.a.c.c.C.[Tomcat].[localhost].[/]       : Initializing Spring embedded WebApplicationContext
2025-04-02T22:43:54.942+08:00  INFO 2280 --- [main] w.s.c.ServletWebServerApplicationContext : Root WebApplicationContext: initialization completed in 410 ms
2025-04-02T22:43:55.139+08:00  INFO 2280 --- [main] o.s.b.w.embedded.tomcat.TomcatWebServer  : Tomcat started on port 8080 (http) with context path '/'
2025-04-02T22:43:55.145+08:00  INFO 2280 --- [main] c.h.s.Springboot11LogApplication         : Started Springboot11LogApplication in 0.892 seconds (process running for 1.156)
2025-04-02T22:44:00.232+08:00  INFO 2280 --- [http-nio-8080-exec-2] o.a.c.c.C.[Tomcat].[localhost].[/]       : Initializing Spring DispatcherServlet 'dispatcherServlet'
2025-04-02T22:44:00.232+08:00  INFO 2280 --- [http-nio-8080-exec-2] o.s.web.servlet.DispatcherServlet        : Initializing Servlet 'dispatcherServlet'
2025-04-02T22:44:00.233+08:00  INFO 2280 --- [http-nio-8080-exec-2] o.s.web.servlet.DispatcherServlet        : Completed initialization in 1 ms
2025-04-02T22:44:00.246+08:00  INFO 2280 --- [http-nio-8080-exec-2] c.h.s.controller.BookController          : info...
2025-04-02T22:44:00.246+08:00 ERROR 2280 --- [http-nio-8080-exec-2] c.h.s.controller.BookController          : error...
2025-04-02T22:44:00.246+08:00  WARN 2280 --- [http-nio-8080-exec-2] c.h.s.controller.BookController          : warn...
2025-04-02T22:44:00.955+08:00  INFO 2280 --- [http-nio-8080-exec-4] c.h.s.controller.BookController          : info...
2025-04-02T22:44:00.955+08:00 ERROR 2280 --- [http-nio-8080-exec-4] c.h.s.controller.BookController          : error...
2025-04-02T22:44:00.955+08:00  WARN 2280 --- [http-nio-8080-exec-4] c.h.s.controller.BookController          : warn...
2025-04-02T22:44:01.682+08:00  INFO 2280 --- [http-nio-8080-exec-3] c.h.s.controller.BookController          : info...
2025-04-02T22:44:01.682+08:00 ERROR 2280 --- [http-nio-8080-exec-3] c.h.s.controller.BookController          : error...
2025-04-02T22:44:01.683+08:00  WARN 2280 --- [http-nio-8080-exec-3] c.h.s.controller.BookController          : warn...
2025-04-02T22:44:02.620+08:00  INFO 2280 --- [http-nio-8080-exec-5] c.h.s.controller.BookController          : info...
